[01:55:25] [Client thread/INFO]: Setting user: Player489
[01:55:28] [Client thread/INFO]: LWJGL Version: 2.9.4
[01:55:30] [Client thread/INFO]: Reloading ResourceManager: Default, FMLFileResourcePack:Forge Mod Loader, FMLFileResourcePack:Minecraft Forge, FMLFileResourcePack:Runecraft
[01:55:30] [Sound Library Loader/INFO]: Starting up SoundSystem...
[01:55:30] [Thread-9/INFO]: Initializing LWJGL OpenAL
[01:55:30] [Thread-9/INFO]: (The LWJGL binding of OpenAL.  For more information, see http://www.lwjgl.org)
[01:55:30] [Thread-9/INFO]: OpenAL initialized.
[01:55:31] [Sound Library Loader/INFO]: Sound engine started
[01:55:33] [Client thread/INFO]: Created: 16x16 textures-atlas
[01:55:34] [Client thread/INFO]: Reloading ResourceManager: Default, FMLFileResourcePack:Forge Mod Loader, FMLFileResourcePack:Minecraft Forge, FMLFileResourcePack:Runecraft
[01:55:34] [Client thread/INFO]: SoundSystem shutting down...
[01:55:34] [Client thread/WARN]: Author: Paul Lamb, www.paulscode.com
[01:55:34] [Sound Library Loader/INFO]: Starting up SoundSystem...
[01:55:35] [Thread-11/INFO]: Initializing LWJGL OpenAL
[01:55:35] [Thread-11/INFO]: (The LWJGL binding of OpenAL.  For more information, see http://www.lwjgl.org)
[01:55:35] [Thread-11/INFO]: OpenAL initialized.
[01:55:35] [Sound Library Loader/INFO]: Sound engine started
[01:55:37] [Client thread/INFO]: Created: 512x512 textures-atlas
[01:55:39] [Realms Notification Availability checker #1/INFO]: Could not authorize you against Realms server: Invalid session id
[01:55:40] [Realms Notification Availability checker #1/INFO]: Could not authorize you against Realms server: Invalid session id
[01:55:40] [Server thread/INFO]: Starting integrated minecraft server version 1.8.9
[01:55:40] [Server thread/INFO]: Generating keypair
[01:55:41] [Server thread/INFO]: Preparing start region for level 0
[01:55:41] [Server thread/INFO]: Changing view distance to 12, from 10
[01:55:41] [Realms Notification Availability checker #1/INFO]: Could not authorize you against Realms server: Invalid session id
[01:55:42] [Server thread/INFO]: Player489[local:E:b64368de] logged in with entity id 251 at (39.71022360696933, 72.0, 243.2376846292884)
[01:55:42] [Server thread/INFO]: Player489 joined the game
[01:55:43] [pool-2-thread-1/WARN]: Couldn't look up profile properties for com.mojang.authlib.GameProfile@10b5e1f4[id=68d62d0c-b648-358d-9849-8d64b49bd6dc,name=Player489,properties={},legacy=false]
com.mojang.authlib.exceptions.AuthenticationException: The client has sent too many requests within a certain amount of time
	at com.mojang.authlib.yggdrasil.YggdrasilAuthenticationService.makeRequest(YggdrasilAuthenticationService.java:65) ~[YggdrasilAuthenticationService.class:?]
	at com.mojang.authlib.yggdrasil.YggdrasilMinecraftSessionService.fillGameProfile(YggdrasilMinecraftSessionService.java:175) [YggdrasilMinecraftSessionService.class:?]
	at com.mojang.authlib.yggdrasil.YggdrasilMinecraftSessionService$1.load(YggdrasilMinecraftSessionService.java:59) [YggdrasilMinecraftSessionService$1.class:?]
	at com.mojang.authlib.yggdrasil.YggdrasilMinecraftSessionService$1.load(YggdrasilMinecraftSessionService.java:56) [YggdrasilMinecraftSessionService$1.class:?]
	at com.google.common.cache.LocalCache$LoadingValueReference.loadFuture(LocalCache.java:3524) [guava-17.0.jar:?]
	at com.google.common.cache.LocalCache$Segment.loadSync(LocalCache.java:2317) [guava-17.0.jar:?]
	at com.google.common.cache.LocalCache$Segment.lockedGetOrLoad(LocalCache.java:2280) [guava-17.0.jar:?]
	at com.google.common.cache.LocalCache$Segment.get(LocalCache.java:2195) [guava-17.0.jar:?]
	at com.google.common.cache.LocalCache.get(LocalCache.java:3934) [guava-17.0.jar:?]
	at com.google.common.cache.LocalCache.getOrLoad(LocalCache.java:3938) [guava-17.0.jar:?]
	at com.google.common.cache.LocalCache$LocalLoadingCache.get(LocalCache.java:4821) [guava-17.0.jar:?]
	at com.google.common.cache.LocalCache$LocalLoadingCache.getUnchecked(LocalCache.java:4827) [guava-17.0.jar:?]
	at com.mojang.authlib.yggdrasil.YggdrasilMinecraftSessionService.fillProfileProperties(YggdrasilMinecraftSessionService.java:165) [YggdrasilMinecraftSessionService.class:?]
	at net.minecraft.client.Minecraft.func_181037_M(Minecraft.java:2915) [Minecraft.class:?]
	at net.minecraft.client.resources.SkinManager$3.run(SkinManager.java:130) [SkinManager$3.class:?]
	at java.util.concurrent.Executors$RunnableAdapter.call(Unknown Source) [?:1.8.0_60]
	at java.util.concurrent.FutureTask.run(Unknown Source) [?:1.8.0_60]
	at java.util.concurrent.ThreadPoolExecutor.runWorker(Unknown Source) [?:1.8.0_60]
	at java.util.concurrent.ThreadPoolExecutor$Worker.run(Unknown Source) [?:1.8.0_60]
	at java.lang.Thread.run(Unknown Source) [?:1.8.0_60]
[01:55:49] [Server thread/INFO]: Saving and pausing game...
[01:55:49] [Server thread/INFO]: Saving chunks for level 'New World'/Overworld
[01:55:49] [Server thread/INFO]: Saving chunks for level 'New World'/Nether
[01:55:49] [Server thread/INFO]: Saving chunks for level 'New World'/The End
[01:55:50] [Server thread/INFO]: Stopping server
[01:55:50] [Server thread/INFO]: Saving players
[01:55:50] [Server thread/INFO]: Saving worlds
[01:55:50] [Server thread/INFO]: Saving chunks for level 'New World'/Overworld
[01:55:50] [Server thread/INFO]: Saving chunks for level 'New World'/Nether
[01:55:50] [Server thread/INFO]: Saving chunks for level 'New World'/The End
[01:55:51] [Realms Notification Availability checker #1/INFO]: Could not authorize you against Realms server: Invalid session id
[01:55:51] [Client thread/INFO]: Stopping!
[01:55:51] [Client thread/INFO]: SoundSystem shutting down...
[01:55:51] [Client thread/WARN]: Author: Paul Lamb, www.paulscode.com
